2021-10-31T00:00:06+00:00 CRITICAL Uncaught TypeError: method_exists(): Argument #1 ($object_or_class) must be of type object|string, array given in C:\xampp\htdocs\bookshop\wp-content\plugins\wp-mail-smtp\src\Providers\Gmail\Mailer.php:157
Stack trace:
#0 C:\xampp\htdocs\bookshop\wp-content\plugins\wp-mail-smtp\src\Providers\Gmail\Mailer.php(157): method_exists(Array, 'getId')
#1 C:\xampp\htdocs\bookshop\wp-content\plugins\wp-mail-smtp\src\MailCatcherV6.php(167): WPMailSMTP\Providers\Gmail\Mailer->is_email_sent()
#2 C:\xampp\htdocs\bookshop\wp-includes\pluggable.php(542): WPMailSMTP\MailCatcherV6->send()
#3 C:\xampp\htdocs\bookshop\wp-admin\includes\class-wp-automatic-updater.php(1264): wp_mail(Array, '[bookshop] Some...', 'Howdy! Themes f...', Array)
#4 C:\xampp\htdocs\bookshop\wp-admin\includes\class-wp-automatic-updater.php(976): WP_Automatic_Updater->send_plugin_theme_email('fail', Array, Array)
#5 C:\xampp\htdocs\bookshop\wp-admin\includes\class-wp-automatic-updater.php(546): WP_Automatic_Updater->after_plugin_theme_update(Array)
#6 C:\xampp\htdocs\bookshop\wp-includes\update.php(729): WP_Automatic_Updater->run()
#7 C:\xampp\htdocs\bookshop\wp-content\plugins\updraftplus\addons\autobackup.php(133): wp_maybe_auto_update()
#8 C:\xampp\htdocs\bookshop\wp-includes\class-wp-hook.php(303): UpdraftPlus_Addon_Autobackup->ud_wp_maybe_auto_update('1635637792')
#9 C:\xampp\htdocs\bookshop\wp-includes\class-wp-hook.php(327): WP_Hook->apply_filters('', Array)
#10 C:\xampp\htdocs\bookshop\wp-includes\plugin.php(518): WP_Hook->do_action(Array)
#11 C:\xampp\htdocs\bookshop\wp-cron.php(138): do_action_ref_array('ud_wp_maybe_aut...', Array)
#12 {main}
  thrown in C:\xampp\htdocs\bookshop\wp-content\plugins\wp-mail-smtp\src\Providers\Gmail\Mailer.php on line 157

2021-10-31T00:25:44+00:00 CRITICAL Maximum execution time of 900 seconds exceeded in C:\xampp\htdocs\bookshop\wp-content\plugins\updraftplus\includes\onedrive\client.php on line 97

2021-10-31T17:03:55+00:00 CRITICAL Uncaught TypeError: method_exists(): Argument #1 ($object_or_class) must be of type object|string, array given in C:\xampp\htdocs\bookshop\wp-content\plugins\wp-mail-smtp\src\Providers\Gmail\Mailer.php:157
Stack trace:
#0 C:\xampp\htdocs\bookshop\wp-content\plugins\wp-mail-smtp\src\Providers\Gmail\Mailer.php(157): method_exists(Array, 'getId')
#1 C:\xampp\htdocs\bookshop\wp-content\plugins\wp-mail-smtp\src\MailCatcherV6.php(167): WPMailSMTP\Providers\Gmail\Mailer->is_email_sent()
#2 C:\xampp\htdocs\bookshop\wp-includes\pluggable.php(542): WPMailSMTP\MailCatcherV6->send()
#3 C:\xampp\htdocs\bookshop\wp-admin\includes\class-wp-automatic-updater.php(1264): wp_mail(Array, '[bookshop] Some...', 'Howdy! Themes f...', Array)
#4 C:\xampp\htdocs\bookshop\wp-admin\includes\class-wp-automatic-updater.php(978): WP_Automatic_Updater->send_plugin_theme_email('mixed', Array, Array)
#5 C:\xampp\htdocs\bookshop\wp-admin\includes\class-wp-automatic-updater.php(546): WP_Automatic_Updater->after_plugin_theme_update(Array)
#6 C:\xampp\htdocs\bookshop\wp-includes\update.php(729): WP_Automatic_Updater->run()
#7 C:\xampp\htdocs\bookshop\wp-content\plugins\updraftplus\addons\autobackup.php(133): wp_maybe_auto_update()
#8 C:\xampp\htdocs\bookshop\wp-includes\class-wp-hook.php(303): UpdraftPlus_Addon_Autobackup->ud_wp_maybe_auto_update('1635699060')
#9 C:\xampp\htdocs\bookshop\wp-includes\class-wp-hook.php(327): WP_Hook->apply_filters('', Array)
#10 C:\xampp\htdocs\bookshop\wp-includes\plugin.php(518): WP_Hook->do_action(Array)
#11 C:\xampp\htdocs\bookshop\wp-cron.php(138): do_action_ref_array('ud_wp_maybe_aut...', Array)
#12 {main}
  thrown in C:\xampp\htdocs\bookshop\wp-content\plugins\wp-mail-smtp\src\Providers\Gmail\Mailer.php on line 157

2021-10-31T17:06:23+00:00 CRITICAL Maximum execution time of 900 seconds exceeded in C:\xampp\htdocs\bookshop\wp-content\plugins\updraftplus\includes\onedrive\client.php on line 97

2021-10-31T17:10:18+00:00 CRITICAL Maximum execution time of 900 seconds exceeded in C:\xampp\htdocs\bookshop\wp-content\plugins\updraftplus\includes\onedrive\client.php on line 97

2021-10-31T22:55:09+00:00 CRITICAL Uncaught TypeError: method_exists(): Argument #1 ($object_or_class) must be of type object|string, array given in C:\xampp\htdocs\bookshop\wp-content\plugins\wp-mail-smtp\src\Providers\Gmail\Mailer.php:157
Stack trace:
#0 C:\xampp\htdocs\bookshop\wp-content\plugins\wp-mail-smtp\src\Providers\Gmail\Mailer.php(157): method_exists(Array, 'getId')
#1 C:\xampp\htdocs\bookshop\wp-content\plugins\wp-mail-smtp\src\MailCatcherV6.php(167): WPMailSMTP\Providers\Gmail\Mailer->is_email_sent()
#2 C:\xampp\htdocs\bookshop\wp-includes\pluggable.php(542): WPMailSMTP\MailCatcherV6->send()
#3 C:\xampp\htdocs\bookshop\wp-content\plugins\updraftplus\class-updraftplus.php(3761): wp_mail(Array, 'Backed up: book...', '\r\nbookshop: Bac...', Array)
#4 C:\xampp\htdocs\bookshop\wp-content\plugins\updraftplus\class-updraftplus.php(3569): UpdraftPlus->send_results_email('The backup appa...', Array)
#5 C:\xampp\htdocs\bookshop\wp-content\plugins\updraftplus\class-updraftplus.php(2641): UpdraftPlus->backup_finish(true, true)
#6 C:\xampp\htdocs\bookshop\wp-includes\class-wp-hook.php(303): UpdraftPlus->backup_resume(4, 'ebc04ff408ac')
#7 C:\xampp\htdocs\bookshop\wp-includes\class-wp-hook.php(327): WP_Hook->apply_filters('', Array)
#8 C:\xampp\htdocs\bookshop\wp-includes\plugin.php(518): WP_Hook->do_action(Array)
#9 C:\xampp\htdocs\bookshop\wp-cron.php(138): do_action_ref_array('updraft_backup_...', Array)
#10 {main}
  thrown in C:\xampp\htdocs\bookshop\wp-content\plugins\wp-mail-smtp\src\Providers\Gmail\Mailer.php on line 157

2021-10-31T23:01:12+00:00 CRITICAL Uncaught TypeError: method_exists(): Argument #1 ($object_or_class) must be of type object|string, array given in C:\xampp\htdocs\bookshop\wp-content\plugins\wp-mail-smtp\src\Providers\Gmail\Mailer.php:157
Stack trace:
#0 C:\xampp\htdocs\bookshop\wp-content\plugins\wp-mail-smtp\src\Providers\Gmail\Mailer.php(157): method_exists(Array, 'getId')
#1 C:\xampp\htdocs\bookshop\wp-content\plugins\wp-mail-smtp\src\MailCatcherV6.php(167): WPMailSMTP\Providers\Gmail\Mailer->is_email_sent()
#2 C:\xampp\htdocs\bookshop\wp-includes\pluggable.php(542): WPMailSMTP\MailCatcherV6->send()
#3 C:\xampp\htdocs\bookshop\wp-content\plugins\updraftplus\class-updraftplus.php(3761): wp_mail(Array, 'Backed up: book...', '\r\nbookshop: Bac...', Array)
#4 C:\xampp\htdocs\bookshop\wp-content\plugins\updraftplus\class-updraftplus.php(3569): UpdraftPlus->send_results_email('The backup appa...', Array)
#5 C:\xampp\htdocs\bookshop\wp-content\plugins\updraftplus\class-updraftplus.php(2641): UpdraftPlus->backup_finish(true, true)
#6 C:\xampp\htdocs\bookshop\wp-content\plugins\updraftplus\class-updraftplus.php(3409): UpdraftPlus->backup_resume(0, 'aafcb5f58f18')
#7 C:\xampp\htdocs\bookshop\wp-content\plugins\updraftplus\addons\autobackup.php(272): UpdraftPlus->boot_backup(1, 1, Array, true)
#8 C:\xampp\htdocs\bookshop\wp-content\plugins\updraftplus\addons\autobackup.php(192): UpdraftPlus_Addon_Autobackup->auto_update(true, Object(stdClass), 'themes')
#9 C:\xampp\htdocs\bookshop\wp-includes\class-wp-hook.php(305): UpdraftPlus_Addon_Autobackup->pre_auto_update('theme', Object(stdClass))
#10 C:\xampp\htdocs\bookshop\wp-includes\class-wp-hook.php(327): WP_Hook->apply_filters('', Array)
#11 C:\xampp\htdocs\bookshop\wp-includes\plugin.php(470): WP_Hook->do_action(Array)
#12 C:\xampp\htdocs\bookshop\wp-admin\includes\class-wp-automatic-updater.php(344): do_action('pre_auto_update', 'theme', Object(stdClass), 'C:\\xampp\\htdocs...')
#13 C:\xampp\htdocs\bookshop\wp-admin\includes\class-wp-automatic-updater.php(479): WP_Automatic_Updater->update('theme', Object(stdClass))
#14 C:\xampp\htdocs\bookshop\wp-includes\update.php(729): WP_Automatic_Updater->run()
#15 C:\xampp\htdocs\bookshop\wp-includes\class-wp-hook.php(303): wp_maybe_auto_update('')
#16 C:\xampp\htdocs\bookshop\wp-includes\class-wp-hook.php(327): WP_Hook->apply_filters('', Array)
#17 C:\xampp\htdocs\bookshop\wp-includes\plugin.php(470): WP_Hook->do_action(Array)
#18 C:\xampp\htdocs\bookshop\wp-includes\update.php(256): do_action('wp_maybe_auto_u...')
#19 C:\xampp\htdocs\bookshop\wp-includes\class-wp-hook.php(303): wp_version_check()
#20 C:\xampp\htdocs\bookshop\wp-includes\class-wp-hook.php(327): WP_Hook->apply_filters('', Array)
#21 C:\xampp\htdocs\bookshop\wp-includes\plugin.php(518): WP_Hook->do_action(Array)
#22 C:\xampp\htdocs\bookshop\wp-cron.php(138): do_action_ref_array('wp_version_chec...', Array)
#23 {main}
  thrown in C:\xampp\htdocs\bookshop\wp-content\plugins\wp-mail-smtp\src\Providers\Gmail\Mailer.php on line 157

2021-10-31T23:05:54+00:00 CRITICAL Uncaught TypeError: method_exists(): Argument #1 ($object_or_class) must be of type object|string, array given in C:\xampp\htdocs\bookshop\wp-content\plugins\wp-mail-smtp\src\Providers\Gmail\Mailer.php:157
Stack trace:
#0 C:\xampp\htdocs\bookshop\wp-content\plugins\wp-mail-smtp\src\Providers\Gmail\Mailer.php(157): method_exists(Array, 'getId')
#1 C:\xampp\htdocs\bookshop\wp-content\plugins\wp-mail-smtp\src\MailCatcherV6.php(167): WPMailSMTP\Providers\Gmail\Mailer->is_email_sent()
#2 C:\xampp\htdocs\bookshop\wp-includes\pluggable.php(542): WPMailSMTP\MailCatcherV6->send()
#3 C:\xampp\htdocs\bookshop\wp-admin\includes\class-wp-automatic-updater.php(1264): wp_mail(Array, '[bookshop] Some...', 'Howdy! Themes f...', Array)
#4 C:\xampp\htdocs\bookshop\wp-admin\includes\class-wp-automatic-updater.php(976): WP_Automatic_Updater->send_plugin_theme_email('fail', Array, Array)
#5 C:\xampp\htdocs\bookshop\wp-admin\includes\class-wp-automatic-updater.php(546): WP_Automatic_Updater->after_plugin_theme_update(Array)
#6 C:\xampp\htdocs\bookshop\wp-includes\update.php(729): WP_Automatic_Updater->run()
#7 C:\xampp\htdocs\bookshop\wp-content\plugins\updraftplus\addons\autobackup.php(133): wp_maybe_auto_update()
#8 C:\xampp\htdocs\bookshop\wp-includes\class-wp-hook.php(303): UpdraftPlus_Addon_Autobackup->ud_wp_maybe_auto_update('1635720901')
#9 C:\xampp\htdocs\bookshop\wp-includes\class-wp-hook.php(327): WP_Hook->apply_filters('', Array)
#10 C:\xampp\htdocs\bookshop\wp-includes\plugin.php(518): WP_Hook->do_action(Array)
#11 C:\xampp\htdocs\bookshop\wp-cron.php(138): do_action_ref_array('ud_wp_maybe_aut...', Array)
#12 {main}
  thrown in C:\xampp\htdocs\bookshop\wp-content\plugins\wp-mail-smtp\src\Providers\Gmail\Mailer.php on line 157

