2021-11-07T11:10:43+00:00 CRITICAL Uncaught TypeError: method_exists(): Argument #1 ($object_or_class) must be of type object|string, array given in C:\xampp\htdocs\bookshop\wp-content\plugins\wp-mail-smtp\src\Providers\Gmail\Mailer.php:157
Stack trace:
#0 C:\xampp\htdocs\bookshop\wp-content\plugins\wp-mail-smtp\src\Providers\Gmail\Mailer.php(157): method_exists(Array, 'getId')
#1 C:\xampp\htdocs\bookshop\wp-content\plugins\wp-mail-smtp\src\MailCatcherV6.php(167): WPMailSMTP\Providers\Gmail\Mailer->is_email_sent()
#2 C:\xampp\htdocs\bookshop\wp-includes\pluggable.php(542): WPMailSMTP\MailCatcherV6->send()
#3 C:\xampp\htdocs\bookshop\wp-content\plugins\updraftplus\class-updraftplus.php(3761): wp_mail(Array, 'Backed up: book...', '\r\nbookshop: Bac...', Array)
#4 C:\xampp\htdocs\bookshop\wp-content\plugins\updraftplus\class-updraftplus.php(3569): UpdraftPlus->send_results_email('The backup appa...', Array)
#5 C:\xampp\htdocs\bookshop\wp-content\plugins\updraftplus\class-updraftplus.php(2641): UpdraftPlus->backup_finish(true, true)
#6 C:\xampp\htdocs\bookshop\wp-content\plugins\updraftplus\class-updraftplus.php(3409): UpdraftPlus->backup_resume(0, 'd2f06cf9c45c')
#7 C:\xampp\htdocs\bookshop\wp-content\plugins\updraftplus\addons\autobackup.php(272): UpdraftPlus->boot_backup(1, 1, Array, true)
#8 C:\xampp\htdocs\bookshop\wp-content\plugins\updraftplus\addons\autobackup.php(192): UpdraftPlus_Addon_Autobackup->auto_update(true, Object(stdClass), 'themes')
#9 C:\xampp\htdocs\bookshop\wp-includes\class-wp-hook.php(305): UpdraftPlus_Addon_Autobackup->pre_auto_update('theme', Object(stdClass))
#10 C:\xampp\htdocs\bookshop\wp-includes\class-wp-hook.php(327): WP_Hook->apply_filters('', Array)
#11 C:\xampp\htdocs\bookshop\wp-includes\plugin.php(470): WP_Hook->do_action(Array)
#12 C:\xampp\htdocs\bookshop\wp-admin\includes\class-wp-automatic-updater.php(344): do_action('pre_auto_update', 'theme', Object(stdClass), 'C:\\xampp\\htdocs...')
#13 C:\xampp\htdocs\bookshop\wp-admin\includes\class-wp-automatic-updater.php(479): WP_Automatic_Updater->update('theme', Object(stdClass))
#14 C:\xampp\htdocs\bookshop\wp-includes\update.php(729): WP_Automatic_Updater->run()
#15 C:\xampp\htdocs\bookshop\wp-includes\class-wp-hook.php(303): wp_maybe_auto_update('')
#16 C:\xampp\htdocs\bookshop\wp-includes\class-wp-hook.php(327): WP_Hook->apply_filters('', Array)
#17 C:\xampp\htdocs\bookshop\wp-includes\plugin.php(470): WP_Hook->do_action(Array)
#18 C:\xampp\htdocs\bookshop\wp-includes\update.php(256): do_action('wp_maybe_auto_u...')
#19 C:\xampp\htdocs\bookshop\wp-includes\class-wp-hook.php(303): wp_version_check()
#20 C:\xampp\htdocs\bookshop\wp-includes\class-wp-hook.php(327): WP_Hook->apply_filters('', Array)
#21 C:\xampp\htdocs\bookshop\wp-includes\plugin.php(518): WP_Hook->do_action(Array)
#22 C:\xampp\htdocs\bookshop\wp-cron.php(138): do_action_ref_array('wp_version_chec...', Array)
#23 {main}
  thrown in C:\xampp\htdocs\bookshop\wp-content\plugins\wp-mail-smtp\src\Providers\Gmail\Mailer.php on line 157

