2021-10-27T01:13:36+00:00 NOTICE sync_store :: posting data :: Array
(
    [store_post] => Array
        (
            [id] => 6178a694a0aee
            [is_syncing] => 
            [platform] => woocommerce
            [list_id] => a9f11f790f
            [name] => bookshop
            [domain] => https://localhost/bookshop
            [email_address] => hytham3019@hotmail.com
            [currency_code] => USD
            [money_format] => $
            [primary_locale] => en_US
            [timezone] => +00:00
            [phone] => 009720592235375
            [address] => Array
                (
                    [address1] => miami street
                    [city] => Florida
                    [province] => FL
                    [postal_code] => 33161
                    [country] => US
                    [country_code] => US
                    [phone] => 009720592235375
                    [company] => bookshop
                )

        )

)

2021-10-27T01:13:47+00:00 NOTICE sync_store :: posting data :: Array
(
    [store_post] => Array
        (
            [id] => 6178a694a0aee
            [is_syncing] => 
            [platform] => woocommerce
            [list_id] => a9f11f790f
            [name] => bookshop
            [domain] => https://localhost/bookshop
            [email_address] => hytham3019@hotmail.com
            [currency_code] => USD
            [money_format] => $
            [primary_locale] => en_US
            [timezone] => +00:00
            [phone] => 009720592235375
            [address] => Array
                (
                    [address1] => miami street
                    [city] => Florida
                    [province] => FL
                    [postal_code] => 33161
                    [country] => US
                    [country_code] => US
                    [phone] => 009720592235375
                    [company] => bookshop
                )

        )

)

2021-10-27T01:13:58+00:00 NOTICE sync_store :: posting data :: Array
(
    [store_post] => Array
        (
            [id] => 6178a694a0aee
            [is_syncing] => 
            [platform] => woocommerce
            [list_id] => a9f11f790f
            [name] => bookshop
            [domain] => https://localhost/bookshop
            [email_address] => hytham3019@hotmail.com
            [currency_code] => USD
            [money_format] => $
            [primary_locale] => en_US
            [timezone] => +00:00
            [phone] => 009720592235375
            [address] => Array
                (
                    [address1] => miami street
                    [city] => Florida
                    [province] => FL
                    [postal_code] => 33161
                    [country] => US
                    [country_code] => US
                    [phone] => 009720592235375
                    [company] => bookshop
                )

        )

)

2021-10-27T01:14:03+00:00 NOTICE mailchimp-woocommerce-sync.started :: Starting Sync :: Wed, Oct 27, 2021 1:14 AM
2021-10-27T01:14:05+00:00 NOTICE action_scheduler.queue_job :: MailChimp_WooCommerce_Process_Coupons queued :: page 1
2021-10-27T01:14:05+00:00 NOTICE action_scheduler.queue_job :: MailChimp_WooCommerce_Process_Coupons queued :: page 2
2021-10-27T01:14:24+00:00 NOTICE sync.full_sync_manager.queue :: Starting PRODUCTS queueing.
2021-10-27T01:14:25+00:00 NOTICE action_scheduler.queue_job :: MailChimp_WooCommerce_Process_Products queued :: page 1
2021-10-27T01:14:25+00:00 NOTICE action_scheduler.queue_job :: MailChimp_WooCommerce_Process_Products queued :: page 2
2021-10-27T01:14:27+00:00 NOTICE action_scheduler.queue_job :: MailChimp_WooCommerce_SingleCoupon queued :: obj_id 12
2021-10-27T01:14:29+00:00 NOTICE coupon_sync.completed :: Done with the coupon queueing.
2021-10-27T01:14:30+00:00 NOTICE action_scheduler.queue_job :: MailChimp_WooCommerce_Single_Product queued :: obj_id 7115
2021-10-27T01:14:30+00:00 NOTICE action_scheduler.queue_job :: MailChimp_WooCommerce_Single_Product queued :: obj_id 7276
2021-10-27T01:14:30+00:00 NOTICE action_scheduler.queue_job :: MailChimp_WooCommerce_Single_Product queued :: obj_id 7281
2021-10-27T01:14:30+00:00 NOTICE action_scheduler.queue_job :: MailChimp_WooCommerce_Single_Product queued :: obj_id 7283
2021-10-27T01:14:30+00:00 NOTICE action_scheduler.queue_job :: MailChimp_WooCommerce_Single_Product queued :: obj_id 7288
2021-10-27T01:14:30+00:00 NOTICE action_scheduler.queue_job :: MailChimp_WooCommerce_Single_Product queued :: obj_id 7307
2021-10-27T01:14:30+00:00 NOTICE action_scheduler.queue_job :: MailChimp_WooCommerce_Single_Product queued :: obj_id 7316
2021-10-27T01:14:30+00:00 NOTICE action_scheduler.queue_job :: MailChimp_WooCommerce_Single_Product queued :: obj_id 7317
2021-10-27T01:14:32+00:00 NOTICE product_sync.completed :: Done with the product queuing
2021-10-27T01:14:37+00:00 NOTICE promo_code_submit.success :: #12 :: code: hytham2499
2021-10-27T01:14:40+00:00 NOTICE product_submit.success :: addStoreProduct :: #7115
2021-10-27T01:14:46+00:00 NOTICE product_submit.success :: addStoreProduct :: #7276
2021-10-27T01:14:48+00:00 NOTICE product_submit.success :: addStoreProduct :: #7281
2021-10-27T01:15:23+00:00 NOTICE product_submit.success :: addStoreProduct :: #7283
2021-10-27T01:16:16+00:00 NOTICE product_submit.success :: addStoreProduct :: #7288
2021-10-27T01:16:18+00:00 NOTICE product_submit.success :: addStoreProduct :: #7307
2021-10-27T01:16:20+00:00 NOTICE product_submit.success :: addStoreProduct :: #7316
2021-10-27T01:16:22+00:00 NOTICE product_submit.success :: addStoreProduct :: #7317
2021-10-27T01:16:23+00:00 NOTICE action_scheduler.queue_job :: MailChimp_WooCommerce_Process_Orders queued :: page 1
2021-10-27T01:16:25+00:00 NOTICE order_sync.completed :: Done with the order queueing.
2021-10-27T01:17:22+00:00 NOTICE sync.completed :: Finished Sync :: Wed, Oct 27, 2021 1:17 AM (total time: 00:03:19)
